-------------------------------------------------------------------------------
Test set: SimpleCalculatorTest
-------------------------------------------------------------------------------
Tests run: 20, Failures: 0, Errors: 2, Skipped: 0, Time elapsed: 0.134 s <<< FAILURE! -- in SimpleCalculatorTest
SimpleCalculatorTest.testAddOperatorWithSpaces -- Time elapsed: 0.014 s <<< ERROR!
java.lang.IllegalArgumentException: invalid operator:  + 
	at SimpleCalculator.calculate(SimpleCalculator.java:31)
	at SimpleCalculatorTest.testAddOperatorWithSpaces(SimpleCalculatorTest.java:125)
	at java.base/java.lang.reflect.Method.invoke(Method.java:580)
	at java.base/java.util.ArrayList.forEach(ArrayList.java:1596)
	at java.base/java.util.ArrayList.forEach(ArrayList.java:1596)

SimpleCalculatorTest.testMultiplyXWithSpaces -- Time elapsed: 0.003 s <<< ERROR!
java.lang.IllegalArgumentException: invalid operator:  x 
	at SimpleCalculator.calculate(SimpleCalculator.java:31)
	at SimpleCalculatorTest.testMultiplyXWithSpaces(SimpleCalculatorTest.java:131)
	at java.base/java.lang.reflect.Method.invoke(Method.java:580)
	at java.base/java.util.ArrayList.forEach(ArrayList.java:1596)
	at java.base/java.util.ArrayList.forEach(ArrayList.java:1596)

