<?xml version="1.0" encoding="UTF-8"?>
<testsuite xmlns:xsi="http://www.w3.org/2001/XMLSchema-instance" xsi:noNamespaceSchemaLocation="https://maven.apache.org/surefire/maven-surefire-plugin/xsd/surefire-test-report-3.0.xsd" version="3.0" name="SimpleCalculatorTest" time="0.134" tests="20" errors="2" skipped="0" failures="0">
  <properties>
[...]
</properties>
  <testcase name="testInvalidOperator" classname="SimpleCalculatorTest" time="0.035"/>
  <testcase name="testMultiplyNegativeNumbers" classname="SimpleCalculatorTest" time="0.003"/>
  <testcase name="testEmptyOperator" classname="SimpleCalculatorTest" time="0.003"/>
  <testcase name="testAddZero" classname="SimpleCalculatorTest" time="0.001"/>
  <testcase name="testDivideByZero" classname="SimpleCalculatorTest" time="0.001"/>
  <testcase name="testAddNegativeAndPositive" classname="SimpleCalculatorTest" time="0.002"/>
  <testcase name="testMultiplyWithLowercaseX" classname="SimpleCalculatorTest" time="0.001"/>
  <testcase name="testAddOperatorWithSpaces" classname="SimpleCalculatorTest" time="0.014">
    <error message="invalid operator:  + " type="java.lang.IllegalArgumentException"><![CDATA[java.lang.IllegalArgumentException: invalid operator:  + 
	at SimpleCalculator.calculate(SimpleCalculator.java:31)
	at SimpleCalculatorTest.testAddOperatorWithSpaces(SimpleCalculatorTest.java:125)
	at java.base/java.lang.reflect.Method.invoke(Method.java:580)
	at java.base/java.util.ArrayList.forEach(ArrayList.java:1596)
	at java.base/java.util.ArrayList.forEach(ArrayList.java:1596)
]]></error>
  </testcase>
  <testcase name="testAddPositiveNumbers" classname="SimpleCalculatorTest" time="0.001"/>
  <testcase name="testMultiplyByZero" classname="SimpleCalculatorTest" time="0.001"/>
  <testcase name="testNullOperator" classname="SimpleCalculatorTest" time="0.001"/>
  <testcase name="testDividePositiveNumbers" classname="SimpleCalculatorTest" time="0.002"/>
  <testcase name="testMultiplyWithUppercaseX" classname="SimpleCalculatorTest" time="0.001"/>
  <testcase name="testSubtractDecimalNumbers" classname="SimpleCalculatorTest" time="0.001"/>
  <testcase name="testSubtractPositiveNumbers" classname="SimpleCalculatorTest" time="0.001"/>
  <testcase name="testAddDecimalNumbers" classname="SimpleCalculatorTest" time="0.002"/>
  <testcase name="testSubtractNegativeNumber" classname="SimpleCalculatorTest" time="0.001"/>
  <testcase name="testMultiplyXWithSpaces" classname="SimpleCalculatorTest" time="0.003">
    <error message="invalid operator:  x " type="java.lang.IllegalArgumentException"><![CDATA[java.lang.IllegalArgumentException: invalid operator:  x 
	at SimpleCalculator.calculate(SimpleCalculator.java:31)
	at SimpleCalculatorTest.testMultiplyXWithSpaces(SimpleCalculatorTest.java:131)
	at java.base/java.lang.reflect.Method.invoke(Method.java:580)
	at java.base/java.util.ArrayList.forEach(ArrayList.java:1596)
	at java.base/java.util.ArrayList.forEach(ArrayList.java:1596)
]]></error>
  </testcase>
  <testcase name="testNaNInput" classname="SimpleCalculatorTest" time="0.001"/>
  <testcase name="testMultiplyWithStar" classname="SimpleCalculatorTest" time="0.001"/>
</testsuite>